<?xml version="1.0" encoding="UTF-8"?>
<testng-results ignored="0" total="1" passed="1" failed="0" skipped="0">
  <reporter-output>
  </reporter-output>
  <suite started-at="2024-09-29T14:43:17 IST" name="Page Object Model" finished-at="2024-09-29T14:43:25 IST" duration-ms="8404">
    <groups>
    </groups>
    <test started-at="2024-09-29T14:43:17 IST" name="Login Test" finished-at="2024-09-29T14:43:25 IST" duration-ms="8404">
      <class name="com.w2a.testcases.Login">
        <test-method signature="loginTest()[pri:0, instance:com.w2a.testcases.Login@11a7ba62]" started-at="2024-09-29T14:43:17 IST" name="loginTest" finished-at="2024-09-29T14:43:25 IST" duration-ms="8147" status="PASS">
          <reporter-output>
          </reporter-output>
        </test-method> <!-- loginTest -->
        <test-method is-config="true" signature="tearDown()[pri:0, instance:com.w2a.testcases.Login@11a7ba62]" started-at="2024-09-29T14:43:25 IST" name="tearDown" finished-at="2024-09-29T14:43:26 IST" duration-ms="310" status="PASS">
          <reporter-output>
          </reporter-output>
        </test-method> <!-- tearDown -->
      </class> <!-- com.w2a.testcases.Login -->
    </test> <!-- Login Test -->
  </suite> <!-- Page Object Model -->
</testng-results>
